<?xml version="1.0" encoding="UTF-8"?>
<!-- Generated by org.testng.reporters.JUnitReportReporter -->
<testsuite hostname="Christophers-MacBook-Air.local" name="com.qa.hubspot.tests.HomePageTest" tests="4" failures="0" timestamp="10 May 2019 01:44:14 GMT" time="60.915" errors="0">
  <testcase name="verifySubHeadername" time="14.712" classname="com.qa.hubspot.tests.HomePageTest"/>
  <testcase name="verifyHomePageTitle" time="14.731" classname="com.qa.hubspot.tests.HomePageTest"/>
  <testcase name="verifyAccountName" time="16.665" classname="com.qa.hubspot.tests.HomePageTest"/>
  <testcase name="verifyHomePageHeader" time="14.807" classname="com.qa.hubspot.tests.HomePageTest"/>
</testsuite> <!-- com.qa.hubspot.tests.HomePageTest -->
